2021-12-30 00:03:00.970  INFO [admin-ws,,] 12408 --- [AsyncResolver-bootstrap-executor-0] c.n.d.s.r.aws.ConfigClusterResolver      : Resolving eureka endpoints via configuration
2021-12-30 00:08:00.986  INFO [admin-ws,,] 12408 --- [AsyncResolver-bootstrap-executor-0] c.n.d.s.r.aws.ConfigClusterResolver      : Resolving eureka endpoints via configuration
2021-12-30 00:13:00.989  INFO [admin-ws,,] 12408 --- [AsyncResolver-bootstrap-executor-0] c.n.d.s.r.aws.ConfigClusterResolver      : Resolving eureka endpoints via configuration
2021-12-30 00:18:01.001  INFO [admin-ws,,] 12408 --- [AsyncResolver-bootstrap-executor-0] c.n.d.s.r.aws.ConfigClusterResolver      : Resolving eureka endpoints via configuration
2021-12-30 00:23:01.007  INFO [admin-ws,,] 12408 --- [AsyncResolver-bootstrap-executor-0] c.n.d.s.r.aws.ConfigClusterResolver      : Resolving eureka endpoints via configuration
2021-12-30 00:28:01.017  INFO [admin-ws,,] 12408 --- [AsyncResolver-bootstrap-executor-0] c.n.d.s.r.aws.ConfigClusterResolver      : Resolving eureka endpoints via configuration
2021-12-30 00:33:01.033  INFO [admin-ws,,] 12408 --- [AsyncResolver-bootstrap-executor-0] c.n.d.s.r.aws.ConfigClusterResolver      : Resolving eureka endpoints via configuration
2021-12-30 00:38:01.035  INFO [admin-ws,,] 12408 --- [AsyncResolver-bootstrap-executor-0] c.n.d.s.r.aws.ConfigClusterResolver      : Resolving eureka endpoints via configuration
2021-12-30 00:43:01.043  INFO [admin-ws,,] 12408 --- [AsyncResolver-bootstrap-executor-0] c.n.d.s.r.aws.ConfigClusterResolver      : Resolving eureka endpoints via configuration
2021-12-30 00:48:01.058  INFO [admin-ws,,] 12408 --- [AsyncResolver-bootstrap-executor-0] c.n.d.s.r.aws.ConfigClusterResolver      : Resolving eureka endpoints via configuration
2021-12-30 00:53:01.068  INFO [admin-ws,,] 12408 --- [AsyncResolver-bootstrap-executor-0] c.n.d.s.r.aws.ConfigClusterResolver      : Resolving eureka endpoints via configuration
2021-12-30 00:58:01.070  INFO [admin-ws,,] 12408 --- [AsyncResolver-bootstrap-executor-0] c.n.d.s.r.aws.ConfigClusterResolver      : Resolving eureka endpoints via configuration
2021-12-30 01:03:01.076  INFO [admin-ws,,] 12408 --- [AsyncResolver-bootstrap-executor-0] c.n.d.s.r.aws.ConfigClusterResolver      : Resolving eureka endpoints via configuration
2021-12-30 01:08:01.091  INFO [admin-ws,,] 12408 --- [AsyncResolver-bootstrap-executor-0] c.n.d.s.r.aws.ConfigClusterResolver      : Resolving eureka endpoints via configuration
2021-12-30 01:13:01.107  INFO [admin-ws,,] 12408 --- [AsyncResolver-bootstrap-executor-0] c.n.d.s.r.aws.ConfigClusterResolver      : Resolving eureka endpoints via configuration
2021-12-30 01:18:01.117  INFO [admin-ws,,] 12408 --- [AsyncResolver-bootstrap-executor-0] c.n.d.s.r.aws.ConfigClusterResolver      : Resolving eureka endpoints via configuration
2021-12-30 01:23:01.127  INFO [admin-ws,,] 12408 --- [AsyncResolver-bootstrap-executor-0] c.n.d.s.r.aws.ConfigClusterResolver      : Resolving eureka endpoints via configuration
2021-12-30 01:28:01.136  INFO [admin-ws,,] 12408 --- [AsyncResolver-bootstrap-executor-0] c.n.d.s.r.aws.ConfigClusterResolver      : Resolving eureka endpoints via configuration
2021-12-30 01:33:01.142  INFO [admin-ws,,] 12408 --- [AsyncResolver-bootstrap-executor-0] c.n.d.s.r.aws.ConfigClusterResolver      : Resolving eureka endpoints via configuration
2021-12-30 01:38:01.145  INFO [admin-ws,,] 12408 --- [AsyncResolver-bootstrap-executor-0] c.n.d.s.r.aws.ConfigClusterResolver      : Resolving eureka endpoints via configuration
2021-12-30 01:43:01.161  INFO [admin-ws,,] 12408 --- [AsyncResolver-bootstrap-executor-0] c.n.d.s.r.aws.ConfigClusterResolver      : Resolving eureka endpoints via configuration
2021-12-30 01:48:01.164  INFO [admin-ws,,] 12408 --- [AsyncResolver-bootstrap-executor-0] c.n.d.s.r.aws.ConfigClusterResolver      : Resolving eureka endpoints via configuration
2021-12-30 01:53:01.170  INFO [admin-ws,,] 12408 --- [AsyncResolver-bootstrap-executor-0] c.n.d.s.r.aws.ConfigClusterResolver      : Resolving eureka endpoints via configuration
2021-12-30 01:58:01.183  INFO [admin-ws,,] 12408 --- [AsyncResolver-bootstrap-executor-0] c.n.d.s.r.aws.ConfigClusterResolver      : Resolving eureka endpoints via configuration
2021-12-30 02:03:01.190  INFO [admin-ws,,] 12408 --- [AsyncResolver-bootstrap-executor-0] c.n.d.s.r.aws.ConfigClusterResolver      : Resolving eureka endpoints via configuration
2021-12-30 02:08:01.201  INFO [admin-ws,,] 12408 --- [AsyncResolver-bootstrap-executor-0] c.n.d.s.r.aws.ConfigClusterResolver      : Resolving eureka endpoints via configuration
2021-12-30 02:13:01.204  INFO [admin-ws,,] 12408 --- [AsyncResolver-bootstrap-executor-0] c.n.d.s.r.aws.ConfigClusterResolver      : Resolving eureka endpoints via configuration
2021-12-30 02:18:01.208  INFO [admin-ws,,] 12408 --- [AsyncResolver-bootstrap-executor-0] c.n.d.s.r.aws.ConfigClusterResolver      : Resolving eureka endpoints via configuration
2021-12-30 02:23:01.212  INFO [admin-ws,,] 12408 --- [AsyncResolver-bootstrap-executor-0] c.n.d.s.r.aws.ConfigClusterResolver      : Resolving eureka endpoints via configuration
2021-12-30 02:28:01.216  INFO [admin-ws,,] 12408 --- [AsyncResolver-bootstrap-executor-0] c.n.d.s.r.aws.ConfigClusterResolver      : Resolving eureka endpoints via configuration
2021-12-30 02:33:01.221  INFO [admin-ws,,] 12408 --- [AsyncResolver-bootstrap-executor-0] c.n.d.s.r.aws.ConfigClusterResolver      : Resolving eureka endpoints via configuration
2021-12-30 02:38:01.237  INFO [admin-ws,,] 12408 --- [AsyncResolver-bootstrap-executor-0] c.n.d.s.r.aws.ConfigClusterResolver      : Resolving eureka endpoints via configuration
2021-12-30 02:43:01.241  INFO [admin-ws,,] 12408 --- [AsyncResolver-bootstrap-executor-0] c.n.d.s.r.aws.ConfigClusterResolver      : Resolving eureka endpoints via configuration
2021-12-30 02:48:01.253  INFO [admin-ws,,] 12408 --- [AsyncResolver-bootstrap-executor-0] c.n.d.s.r.aws.ConfigClusterResolver      : Resolving eureka endpoints via configuration
2021-12-30 02:53:01.260  INFO [admin-ws,,] 12408 --- [AsyncResolver-bootstrap-executor-0] c.n.d.s.r.aws.ConfigClusterResolver      : Resolving eureka endpoints via configuration
2021-12-30 02:58:01.262  INFO [admin-ws,,] 12408 --- [AsyncResolver-bootstrap-executor-0] c.n.d.s.r.aws.ConfigClusterResolver      : Resolving eureka endpoints via configuration
2021-12-30 03:03:01.265  INFO [admin-ws,,] 12408 --- [AsyncResolver-bootstrap-executor-0] c.n.d.s.r.aws.ConfigClusterResolver      : Resolving eureka endpoints via configuration
2021-12-30 03:08:01.281  INFO [admin-ws,,] 12408 --- [AsyncResolver-bootstrap-executor-0] c.n.d.s.r.aws.ConfigClusterResolver      : Resolving eureka endpoints via configuration
2021-12-30 03:13:01.291  INFO [admin-ws,,] 12408 --- [AsyncResolver-bootstrap-executor-0] c.n.d.s.r.aws.ConfigClusterResolver      : Resolving eureka endpoints via configuration
2021-12-30 03:18:01.304  INFO [admin-ws,,] 12408 --- [AsyncResolver-bootstrap-executor-0] c.n.d.s.r.aws.ConfigClusterResolver      : Resolving eureka endpoints via configuration
2021-12-30 03:23:01.316  INFO [admin-ws,,] 12408 --- [AsyncResolver-bootstrap-executor-0] c.n.d.s.r.aws.ConfigClusterResolver      : Resolving eureka endpoints via configuration
2021-12-30 03:28:01.324  INFO [admin-ws,,] 12408 --- [AsyncResolver-bootstrap-executor-0] c.n.d.s.r.aws.ConfigClusterResolver      : Resolving eureka endpoints via configuration
2021-12-30 03:33:01.331  INFO [admin-ws,,] 12408 --- [AsyncResolver-bootstrap-executor-0] c.n.d.s.r.aws.ConfigClusterResolver      : Resolving eureka endpoints via configuration
2021-12-30 03:38:01.345  INFO [admin-ws,,] 12408 --- [AsyncResolver-bootstrap-executor-0] c.n.d.s.r.aws.ConfigClusterResolver      : Resolving eureka endpoints via configuration
2021-12-30 03:43:01.356  INFO [admin-ws,,] 12408 --- [AsyncResolver-bootstrap-executor-0] c.n.d.s.r.aws.ConfigClusterResolver      : Resolving eureka endpoints via configuration
2021-12-30 03:48:01.368  INFO [admin-ws,,] 12408 --- [AsyncResolver-bootstrap-executor-0] c.n.d.s.r.aws.ConfigClusterResolver      : Resolving eureka endpoints via configuration
2021-12-30 03:53:01.383  INFO [admin-ws,,] 12408 --- [AsyncResolver-bootstrap-executor-0] c.n.d.s.r.aws.ConfigClusterResolver      : Resolving eureka endpoints via configuration
2021-12-30 03:58:01.389  INFO [admin-ws,,] 12408 --- [AsyncResolver-bootstrap-executor-0] c.n.d.s.r.aws.ConfigClusterResolver      : Resolving eureka endpoints via configuration
2021-12-30 04:03:01.395  INFO [admin-ws,,] 12408 --- [AsyncResolver-bootstrap-executor-0] c.n.d.s.r.aws.ConfigClusterResolver      : Resolving eureka endpoints via configuration
2021-12-30 04:08:01.399  INFO [admin-ws,,] 12408 --- [AsyncResolver-bootstrap-executor-0] c.n.d.s.r.aws.ConfigClusterResolver      : Resolving eureka endpoints via configuration
2021-12-30 04:13:01.414  INFO [admin-ws,,] 12408 --- [AsyncResolver-bootstrap-executor-0] c.n.d.s.r.aws.ConfigClusterResolver      : Resolving eureka endpoints via configuration
2021-12-30 04:18:01.418  INFO [admin-ws,,] 12408 --- [AsyncResolver-bootstrap-executor-0] c.n.d.s.r.aws.ConfigClusterResolver      : Resolving eureka endpoints via configuration
2021-12-30 04:23:01.426  INFO [admin-ws,,] 12408 --- [AsyncResolver-bootstrap-executor-0] c.n.d.s.r.aws.ConfigClusterResolver      : Resolving eureka endpoints via configuration
2021-12-30 04:28:01.437  INFO [admin-ws,,] 12408 --- [AsyncResolver-bootstrap-executor-0] c.n.d.s.r.aws.ConfigClusterResolver      : Resolving eureka endpoints via configuration
2021-12-30 04:33:01.450  INFO [admin-ws,,] 12408 --- [AsyncResolver-bootstrap-executor-0] c.n.d.s.r.aws.ConfigClusterResolver      : Resolving eureka endpoints via configuration
2021-12-30 04:38:01.458  INFO [admin-ws,,] 12408 --- [AsyncResolver-bootstrap-executor-0] c.n.d.s.r.aws.ConfigClusterResolver      : Resolving eureka endpoints via configuration
2021-12-30 04:43:01.467  INFO [admin-ws,,] 12408 --- [AsyncResolver-bootstrap-executor-0] c.n.d.s.r.aws.ConfigClusterResolver      : Resolving eureka endpoints via configuration
2021-12-30 04:48:01.468  INFO [admin-ws,,] 12408 --- [AsyncResolver-bootstrap-executor-0] c.n.d.s.r.aws.ConfigClusterResolver      : Resolving eureka endpoints via configuration
2021-12-30 04:53:01.479  INFO [admin-ws,,] 12408 --- [AsyncResolver-bootstrap-executor-0] c.n.d.s.r.aws.ConfigClusterResolver      : Resolving eureka endpoints via configuration
2021-12-30 04:58:01.489  INFO [admin-ws,,] 12408 --- [AsyncResolver-bootstrap-executor-0] c.n.d.s.r.aws.ConfigClusterResolver      : Resolving eureka endpoints via configuration
2021-12-30 05:03:01.495  INFO [admin-ws,,] 12408 --- [AsyncResolver-bootstrap-executor-0] c.n.d.s.r.aws.ConfigClusterResolver      : Resolving eureka endpoints via configuration
2021-12-30 05:08:01.504  INFO [admin-ws,,] 12408 --- [AsyncResolver-bootstrap-executor-0] c.n.d.s.r.aws.ConfigClusterResolver      : Resolving eureka endpoints via configuration
2021-12-30 05:13:01.518  INFO [admin-ws,,] 12408 --- [AsyncResolver-bootstrap-executor-0] c.n.d.s.r.aws.ConfigClusterResolver      : Resolving eureka endpoints via configuration
2021-12-30 05:18:01.524  INFO [admin-ws,,] 12408 --- [AsyncResolver-bootstrap-executor-0] c.n.d.s.r.aws.ConfigClusterResolver      : Resolving eureka endpoints via configuration
2021-12-30 05:23:01.529  INFO [admin-ws,,] 12408 --- [AsyncResolver-bootstrap-executor-0] c.n.d.s.r.aws.ConfigClusterResolver      : Resolving eureka endpoints via configuration
2021-12-30 05:28:01.544  INFO [admin-ws,,] 12408 --- [AsyncResolver-bootstrap-executor-0] c.n.d.s.r.aws.ConfigClusterResolver      : Resolving eureka endpoints via configuration
2021-12-30 05:33:01.553  INFO [admin-ws,,] 12408 --- [AsyncResolver-bootstrap-executor-0] c.n.d.s.r.aws.ConfigClusterResolver      : Resolving eureka endpoints via configuration
2021-12-30 05:38:01.567  INFO [admin-ws,,] 12408 --- [AsyncResolver-bootstrap-executor-0] c.n.d.s.r.aws.ConfigClusterResolver      : Resolving eureka endpoints via configuration
2021-12-30 05:43:01.567  INFO [admin-ws,,] 12408 --- [AsyncResolver-bootstrap-executor-0] c.n.d.s.r.aws.ConfigClusterResolver      : Resolving eureka endpoints via configuration
2021-12-30 05:48:01.561  INFO [admin-ws,,] 12408 --- [AsyncResolver-bootstrap-executor-0] c.n.d.s.r.aws.ConfigClusterResolver      : Resolving eureka endpoints via configuration
2021-12-30 05:53:01.558  INFO [admin-ws,,] 12408 --- [AsyncResolver-bootstrap-executor-0] c.n.d.s.r.aws.ConfigClusterResolver      : Resolving eureka endpoints via configuration
2021-12-30 05:58:01.555  INFO [admin-ws,,] 12408 --- [AsyncResolver-bootstrap-executor-0] c.n.d.s.r.aws.ConfigClusterResolver      : Resolving eureka endpoints via configuration
2021-12-30 06:03:01.550  INFO [admin-ws,,] 12408 --- [AsyncResolver-bootstrap-executor-0] c.n.d.s.r.aws.ConfigClusterResolver      : Resolving eureka endpoints via configuration
2021-12-30 06:08:01.554  INFO [admin-ws,,] 12408 --- [AsyncResolver-bootstrap-executor-0] c.n.d.s.r.aws.ConfigClusterResolver      : Resolving eureka endpoints via configuration
2021-12-30 06:13:01.543  INFO [admin-ws,,] 12408 --- [AsyncResolver-bootstrap-executor-0] c.n.d.s.r.aws.ConfigClusterResolver      : Resolving eureka endpoints via configuration
2021-12-30 06:18:01.541  INFO [admin-ws,,] 12408 --- [AsyncResolver-bootstrap-executor-0] c.n.d.s.r.aws.ConfigClusterResolver      : Resolving eureka endpoints via configuration
2021-12-30 06:23:01.541  INFO [admin-ws,,] 12408 --- [AsyncResolver-bootstrap-executor-0] c.n.d.s.r.aws.ConfigClusterResolver      : Resolving eureka endpoints via configuration
2021-12-30 06:28:01.539  INFO [admin-ws,,] 12408 --- [AsyncResolver-bootstrap-executor-0] c.n.d.s.r.aws.ConfigClusterResolver      : Resolving eureka endpoints via configuration
2021-12-30 06:33:01.530  INFO [admin-ws,,] 12408 --- [AsyncResolver-bootstrap-executor-0] c.n.d.s.r.aws.ConfigClusterResolver      : Resolving eureka endpoints via configuration
2021-12-30 06:38:01.534  INFO [admin-ws,,] 12408 --- [AsyncResolver-bootstrap-executor-0] c.n.d.s.r.aws.ConfigClusterResolver      : Resolving eureka endpoints via configuration
2021-12-30 06:43:01.547  INFO [admin-ws,,] 12408 --- [AsyncResolver-bootstrap-executor-0] c.n.d.s.r.aws.ConfigClusterResolver      : Resolving eureka endpoints via configuration
2021-12-30 06:48:01.558  INFO [admin-ws,,] 12408 --- [AsyncResolver-bootstrap-executor-0] c.n.d.s.r.aws.ConfigClusterResolver      : Resolving eureka endpoints via configuration
2021-12-30 06:53:01.568  INFO [admin-ws,,] 12408 --- [AsyncResolver-bootstrap-executor-0] c.n.d.s.r.aws.ConfigClusterResolver      : Resolving eureka endpoints via configuration
2021-12-30 06:58:01.573  INFO [admin-ws,,] 12408 --- [AsyncResolver-bootstrap-executor-0] c.n.d.s.r.aws.ConfigClusterResolver      : Resolving eureka endpoints via configuration
2021-12-30 07:03:01.574  INFO [admin-ws,,] 12408 --- [AsyncResolver-bootstrap-executor-0] c.n.d.s.r.aws.ConfigClusterResolver      : Resolving eureka endpoints via configuration
2021-12-30 07:08:01.583  INFO [admin-ws,,] 12408 --- [AsyncResolver-bootstrap-executor-0] c.n.d.s.r.aws.ConfigClusterResolver      : Resolving eureka endpoints via configuration
2021-12-30 07:13:01.586  INFO [admin-ws,,] 12408 --- [AsyncResolver-bootstrap-executor-0] c.n.d.s.r.aws.ConfigClusterResolver      : Resolving eureka endpoints via configuration
2021-12-30 07:18:01.590  INFO [admin-ws,,] 12408 --- [AsyncResolver-bootstrap-executor-0] c.n.d.s.r.aws.ConfigClusterResolver      : Resolving eureka endpoints via configuration
2021-12-30 07:23:01.596  INFO [admin-ws,,] 12408 --- [AsyncResolver-bootstrap-executor-0] c.n.d.s.r.aws.ConfigClusterResolver      : Resolving eureka endpoints via configuration
2021-12-30 07:28:01.605  INFO [admin-ws,,] 12408 --- [AsyncResolver-bootstrap-executor-0] c.n.d.s.r.aws.ConfigClusterResolver      : Resolving eureka endpoints via configuration
2021-12-30 07:33:01.610  INFO [admin-ws,,] 12408 --- [AsyncResolver-bootstrap-executor-0] c.n.d.s.r.aws.ConfigClusterResolver      : Resolving eureka endpoints via configuration
2021-12-30 07:38:01.621  INFO [admin-ws,,] 12408 --- [AsyncResolver-bootstrap-executor-0] c.n.d.s.r.aws.ConfigClusterResolver      : Resolving eureka endpoints via configuration
2021-12-30 07:43:01.637  INFO [admin-ws,,] 12408 --- [AsyncResolver-bootstrap-executor-0] c.n.d.s.r.aws.ConfigClusterResolver      : Resolving eureka endpoints via configuration
2021-12-30 07:48:01.650  INFO [admin-ws,,] 12408 --- [AsyncResolver-bootstrap-executor-0] c.n.d.s.r.aws.ConfigClusterResolver      : Resolving eureka endpoints via configuration
2021-12-30 07:53:01.652  INFO [admin-ws,,] 12408 --- [AsyncResolver-bootstrap-executor-0] c.n.d.s.r.aws.ConfigClusterResolver      : Resolving eureka endpoints via configuration
2021-12-30 07:58:01.659  INFO [admin-ws,,] 12408 --- [AsyncResolver-bootstrap-executor-0] c.n.d.s.r.aws.ConfigClusterResolver      : Resolving eureka endpoints via configuration
2021-12-30 08:03:01.665  INFO [admin-ws,,] 12408 --- [AsyncResolver-bootstrap-executor-0] c.n.d.s.r.aws.ConfigClusterResolver      : Resolving eureka endpoints via configuration
2021-12-30 08:08:01.680  INFO [admin-ws,,] 12408 --- [AsyncResolver-bootstrap-executor-0] c.n.d.s.r.aws.ConfigClusterResolver      : Resolving eureka endpoints via configuration
2021-12-30 08:13:01.684  INFO [admin-ws,,] 12408 --- [AsyncResolver-bootstrap-executor-0] c.n.d.s.r.aws.ConfigClusterResolver      : Resolving eureka endpoints via configuration
2021-12-30 08:18:01.687  INFO [admin-ws,,] 12408 --- [AsyncResolver-bootstrap-executor-0] c.n.d.s.r.aws.ConfigClusterResolver      : Resolving eureka endpoints via configuration
2021-12-30 08:23:01.700  INFO [admin-ws,,] 12408 --- [AsyncResolver-bootstrap-executor-0] c.n.d.s.r.aws.ConfigClusterResolver      : Resolving eureka endpoints via configuration
2021-12-30 08:28:01.701  INFO [admin-ws,,] 12408 --- [AsyncResolver-bootstrap-executor-0] c.n.d.s.r.aws.ConfigClusterResolver      : Resolving eureka endpoints via configuration
2021-12-30 08:30:21.658  INFO [admin-ws,,] 11080 --- [restartedMain] com.flight_app.AdminServiceApp           : Starting AdminServiceApp using Java 11.0.13 on DESKTOP-PLCALCU with PID 11080 (C:\Users\user\Documents\project_apis\Flight-booking-API\adminService\target\classes started by user in C:\Users\user\Documents\project_apis\Flight-booking-API\adminService)
2021-12-30 08:30:21.661  INFO [admin-ws,,] 11080 --- [restartedMain] com.flight_app.AdminServiceApp           : No active profile set, falling back to default profiles: default
2021-12-30 08:30:22.061  INFO [admin-ws,,] 11080 --- [restartedMain] .e.DevToolsPropertyDefaultsPostProcessor : Devtools property defaults active! Set 'spring.devtools.add-properties' to 'false' to disable
2021-12-30 08:30:22.061  INFO [admin-ws,,] 11080 --- [restartedMain] .e.DevToolsPropertyDefaultsPostProcessor : For additional web related logging consider setting the 'logging.level.web' property to 'DEBUG'
2021-12-30 08:30:37.831  INFO [admin-ws,,] 11080 --- [restartedMain] o.s.cloud.context.scope.GenericScope     : BeanFactory id=f3191c5b-6521-3101-bb30-ba9ba1a13fa0
2021-12-30 08:30:40.466  INFO [admin-ws,,] 11080 --- [restartedMain] trationDelegate$BeanPostProcessorChecker : Bean 'org.springframework.security.access.expression.method.DefaultMethodSecurityExpressionHandler@305bf28d' of type [org.springframework.security.access.expression.method.DefaultMethodSecurityExpressionHandler] is not eligible for getting processed by all BeanPostProcessors (for example: not eligible for auto-proxying)
2021-12-30 08:30:40.546  INFO [admin-ws,,] 11080 --- [restartedMain] trationDelegate$BeanPostProcessorChecker : Bean 'methodSecurityMetadataSource' of type [org.springframework.security.access.method.DelegatingMethodSecurityMetadataSource] is not eligible for getting processed by all BeanPostProcessors (for example: not eligible for auto-proxying)
2021-12-30 08:30:45.810  INFO [admin-ws,,] 11080 --- [restartedMain] o.s.b.w.embedded.tomcat.TomcatWebServer  : Tomcat initialized with port(s): 8082 (http)
2021-12-30 08:30:45.859  INFO [admin-ws,,] 11080 --- [restartedMain] o.apache.catalina.core.StandardService   : Starting service [Tomcat]
2021-12-30 08:30:45.861  INFO [admin-ws,,] 11080 --- [restartedMain] org.apache.catalina.core.StandardEngine  : Starting Servlet engine: [Apache Tomcat/9.0.55]
2021-12-30 08:30:49.809  INFO [admin-ws,,] 11080 --- [restartedMain] o.a.c.c.C.[Tomcat].[localhost].[/]       : Initializing Spring embedded WebApplicationContext
2021-12-30 08:30:49.811  INFO [admin-ws,,] 11080 --- [restartedMain] w.s.c.ServletWebServerApplicationContext : Root WebApplicationContext: initialization completed in 27748 ms
2021-12-30 08:31:01.129  WARN [admin-ws,,] 11080 --- [restartedMain] o.s.c.s.a.z.ZipkinAutoConfiguration      : Check result of the [RestTemplateSender{http://localhost:9411/api/v2/spans}] contains an error [CheckResult{ok=false, error=org.springframework.web.client.ResourceAccessException: I/O error on POST request for "http://localhost:9411/api/v2/spans": connect timed out; nested exception is java.net.SocketTimeoutException: connect timed out}]
2021-12-30 08:31:05.660  INFO [admin-ws,,] 11080 --- [restartedMain] o.s.cloud.commons.util.InetUtils         : Cannot determine local hostname
2021-12-30 08:31:11.332  INFO [admin-ws,,] 11080 --- [restartedMain] com.flight_app.cofig.WebSecurityConfig   : configureGlobal called
2021-12-30 08:31:11.624  INFO [admin-ws,,] 11080 --- [restartedMain] com.flight_app.cofig.WebSecurityConfig   : passwordEncoder called
2021-12-30 08:31:12.580  WARN [admin-ws,,] 11080 --- [restartedMain] o.s.b.d.a.OptionalLiveReloadServer       : Unable to start LiveReload server
2021-12-30 08:31:12.954  INFO [admin-ws,,] 11080 --- [restartedMain] o.s.c.openfeign.FeignClientFactoryBean   : For 'FLIGHT-WS' URL not provided. Will try picking an instance via load-balancing.
2021-12-30 08:31:14.091  INFO [admin-ws,,] 11080 --- [restartedMain] com.flight_app.cofig.WebSecurityConfig   : authenticationManagerBean called
2021-12-30 08:31:18.432  INFO [admin-ws,,] 11080 --- [restartedMain] o.s.b.a.e.web.EndpointLinksResolver      : Exposing 1 endpoint(s) beneath base path '/actuator'
2021-12-30 08:31:20.639  INFO [admin-ws,,] 11080 --- [restartedMain] com.flight_app.cofig.WebSecurityConfig   : configure called
2021-12-30 08:31:22.462  INFO [admin-ws,,] 11080 --- [restartedMain] o.s.s.web.DefaultSecurityFilterChain     : Will secure any request with [org.springframework.security.web.context.request.async.WebAsyncManagerIntegrationFilter@4779daad, org.springframework.security.web.context.SecurityContextPersistenceFilter@50379703, org.springframework.security.web.header.HeaderWriterFilter@488b9b21, org.springframework.web.filter.CorsFilter@135d908, org.springframework.security.web.authentication.logout.LogoutFilter@17d04618, com.flight_app.cofig.JwtRequestFilter@26914ee1, org.springframework.security.web.savedrequest.RequestCacheAwareFilter@c946a17, org.springframework.security.web.servletapi.SecurityContextHolderAwareRequestFilter@738c2f47, org.springframework.security.web.authentication.AnonymousAuthenticationFilter@d61a37f, org.springframework.security.web.session.SessionManagementFilter@2ea7f4b0, org.springframework.security.web.access.ExceptionTranslationFilter@5923aa5f, org.springframework.security.web.access.intercept.FilterSecurityInterceptor@346ef1cf]
2021-12-30 08:31:32.268  INFO [admin-ws,,] 11080 --- [restartedMain] o.s.cloud.commons.util.InetUtils         : Cannot determine local hostname
2021-12-30 08:31:32.410  INFO [admin-ws,,] 11080 --- [restartedMain] DiscoveryClientOptionalArgsConfiguration : Eureka HTTP Client uses RestTemplate.
2021-12-30 08:31:34.328  WARN [admin-ws,,] 11080 --- [restartedMain] iguration$LoadBalancerCaffeineWarnLogger : Spring Cloud LoadBalancer is currently working with the default cache. You can switch to using Caffeine cache, by adding it and org.springframework.cache.caffeine.CaffeineCacheManager to the classpath.
2021-12-30 08:31:35.167  INFO [admin-ws,,] 11080 --- [restartedMain] o.s.c.n.eureka.InstanceInfoFactory       : Setting initial instance status as: STARTING
2021-12-30 08:31:35.241  INFO [admin-ws,,] 11080 --- [restartedMain] com.netflix.discovery.DiscoveryClient    : Initializing Eureka in region us-east-1
2021-12-30 08:31:35.251  INFO [admin-ws,,] 11080 --- [restartedMain] c.n.d.s.r.aws.ConfigClusterResolver      : Resolving eureka endpoints via configuration
2021-12-30 08:31:35.288  INFO [admin-ws,,] 11080 --- [restartedMain] com.netflix.discovery.DiscoveryClient    : Disable delta property : false
2021-12-30 08:31:35.296  INFO [admin-ws,,] 11080 --- [restartedMain] com.netflix.discovery.DiscoveryClient    : Single vip registry refresh property : null
2021-12-30 08:31:35.297  INFO [admin-ws,,] 11080 --- [restartedMain] com.netflix.discovery.DiscoveryClient    : Force full registry fetch : false
2021-12-30 08:31:35.297  INFO [admin-ws,,] 11080 --- [restartedMain] com.netflix.discovery.DiscoveryClient    : Application is null : false
2021-12-30 08:31:35.298  INFO [admin-ws,,] 11080 --- [restartedMain] com.netflix.discovery.DiscoveryClient    : Registered Applications size is zero : true
2021-12-30 08:31:35.298  INFO [admin-ws,,] 11080 --- [restartedMain] com.netflix.discovery.DiscoveryClient    : Application version is -1: true
2021-12-30 08:31:35.298  INFO [admin-ws,,] 11080 --- [restartedMain] com.netflix.discovery.DiscoveryClient    : Getting all instance registry info from the eureka server
2021-12-30 08:31:35.567  INFO [admin-ws,,] 11080 --- [restartedMain] com.netflix.discovery.DiscoveryClient    : The response status is 200
2021-12-30 08:31:35.574  INFO [admin-ws,,] 11080 --- [restartedMain] com.netflix.discovery.DiscoveryClient    : Starting heartbeat executor: renew interval is: 30
2021-12-30 08:31:35.579  INFO [admin-ws,,] 11080 --- [restartedMain] c.n.discovery.InstanceInfoReplicator     : InstanceInfoReplicator onDemand update allowed rate per min is 4
2021-12-30 08:31:35.592  INFO [admin-ws,,] 11080 --- [restartedMain] com.netflix.discovery.DiscoveryClient    : Discovery Client initialized at timestamp 1640833295590 with initial instances count: 1
2021-12-30 08:31:35.614  INFO [admin-ws,,] 11080 --- [restartedMain] o.s.c.n.e.s.EurekaServiceRegistry        : Registering application ADMIN-WS with eureka with status UP
2021-12-30 08:31:35.615  INFO [admin-ws,,] 11080 --- [restartedMain] com.netflix.discovery.DiscoveryClient    : Saw local status change event StatusChangeEvent [timestamp=1640833295615, current=UP, previous=STARTING]
2021-12-30 08:31:35.619  INFO [admin-ws,,] 11080 --- [DiscoveryClient-InstanceInfoReplicator-0] com.netflix.discovery.DiscoveryClient    : DiscoveryClient_ADMIN-WS/admin-ws:5fc6bd1de61a92d5d4648b84fb988df4: registering service...
2021-12-30 08:31:35.665  INFO [admin-ws,,] 11080 --- [restartedMain] o.s.b.w.embedded.tomcat.TomcatWebServer  : Tomcat started on port(s): 8082 (http) with context path ''
2021-12-30 08:31:35.668  INFO [admin-ws,,] 11080 --- [restartedMain] .s.c.n.e.s.EurekaAutoServiceRegistration : Updating port to 8082
2021-12-30 08:31:35.716  INFO [admin-ws,,] 11080 --- [DiscoveryClient-InstanceInfoReplicator-0] com.netflix.discovery.DiscoveryClient    : DiscoveryClient_ADMIN-WS/admin-ws:5fc6bd1de61a92d5d4648b84fb988df4 - registration status: 204
2021-12-30 08:31:36.876  INFO [admin-ws,,] 11080 --- [restartedMain] o.s.cloud.commons.util.InetUtils         : Cannot determine local hostname
2021-12-30 08:31:37.974  INFO [admin-ws,,] 11080 --- [restartedMain] com.flight_app.AdminServiceApp           : Started AdminServiceApp in 82.72 seconds (JVM running for 88.622)
2021-12-30 08:31:46.585  WARN [admin-ws,,] 11080 --- [registrationTask1] d.c.b.a.c.r.ApplicationRegistrator       : Failed to register application as Application(name=admin-ws, managementUrl=http://DESKTOP-PLCALCU:8082/actuator, healthUrl=http://DESKTOP-PLCALCU:8082/actuator/health, serviceUrl=http://DESKTOP-PLCALCU:8082/) at spring-boot-admin ([http://localhost:9090/instances]): I/O error on POST request for "http://localhost:9090/instances": Connect to localhost:9090 [localhost/127.0.0.1, localhost/0:0:0:0:0:0:0:1] failed: Connection refused: connect; nested exception is org.apache.http.conn.HttpHostConnectException: Connect to localhost:9090 [localhost/127.0.0.1, localhost/0:0:0:0:0:0:0:1] failed: Connection refused: connect. Further attempts are logged on DEBUG level
2021-12-30 08:32:39.401  INFO [admin-ws,,] 11080 --- [http-nio-8082-exec-1] o.a.c.c.C.[Tomcat].[localhost].[/]       : Initializing Spring DispatcherServlet 'dispatcherServlet'
2021-12-30 08:32:39.401  INFO [admin-ws,,] 11080 --- [http-nio-8082-exec-1] o.s.web.servlet.DispatcherServlet        : Initializing Servlet 'dispatcherServlet'
2021-12-30 08:32:39.406  INFO [admin-ws,,] 11080 --- [http-nio-8082-exec-1] o.s.web.servlet.DispatcherServlet        : Completed initialization in 4 ms
2021-12-30 08:32:39.477  INFO [admin-ws,076601aa7ae7c1b8,076601aa7ae7c1b8] 11080 --- [http-nio-8082-exec-1] com.flight_app.cofig.JwtRequestFilter    : called doFilterInternal
2021-12-30 08:32:39.478  INFO [admin-ws,076601aa7ae7c1b8,076601aa7ae7c1b8] 11080 --- [http-nio-8082-exec-1] com.flight_app.cofig.JwtRequestFilter    : JWT Token does not begin with Bearer String
2021-12-30 08:32:39.534  INFO [admin-ws,076601aa7ae7c1b8,076601aa7ae7c1b8] 11080 --- [http-nio-8082-exec-1] c.f.c.JwtAuthenticationController        : started createAuthenticationToken **
2021-12-30 08:32:39.534  INFO [admin-ws,076601aa7ae7c1b8,076601aa7ae7c1b8] 11080 --- [http-nio-8082-exec-1] c.f.c.JwtAuthenticationController        : started authenticate **
2021-12-30 08:32:39.680  INFO [admin-ws,076601aa7ae7c1b8,076601aa7ae7c1b8] 11080 --- [http-nio-8082-exec-1] c.f.service.JWTUserDetailsService        : called loadUserByUsername
2021-12-30 08:32:48.175  INFO [admin-ws,076601aa7ae7c1b8,076601aa7ae7c1b8] 11080 --- [http-nio-8082-exec-1] c.f.service.JWTUserDetailsService        : called bcryptPassword
2021-12-30 08:32:48.386  INFO [admin-ws,076601aa7ae7c1b8,076601aa7ae7c1b8] 11080 --- [http-nio-8082-exec-1] c.f.service.JWTUserDetailsService        : called loadUserByUsername
2021-12-30 08:32:48.594  INFO [admin-ws,076601aa7ae7c1b8,076601aa7ae7c1b8] 11080 --- [http-nio-8082-exec-1] c.f.service.JWTUserDetailsService        : called bcryptPassword
2021-12-30 08:32:48.705  INFO [admin-ws,076601aa7ae7c1b8,076601aa7ae7c1b8] 11080 --- [http-nio-8082-exec-1] com.flight_app.cofig.JwtTokenUtil        : generateToken called
2021-12-30 08:32:48.706  INFO [admin-ws,076601aa7ae7c1b8,076601aa7ae7c1b8] 11080 --- [http-nio-8082-exec-1] com.flight_app.cofig.JwtTokenUtil        : doGenerateToken called
2021-12-30 08:32:49.212  INFO [admin-ws,c51f5aabc0d76179,c51f5aabc0d76179] 11080 --- [http-nio-8082-exec-2] com.flight_app.cofig.JwtRequestFilter    : called doFilterInternal
2021-12-30 08:32:49.213  INFO [admin-ws,c51f5aabc0d76179,c51f5aabc0d76179] 11080 --- [http-nio-8082-exec-2] com.flight_app.cofig.JwtTokenUtil        : getUsernameFromToken
2021-12-30 08:32:49.213  INFO [admin-ws,c51f5aabc0d76179,c51f5aabc0d76179] 11080 --- [http-nio-8082-exec-2] com.flight_app.cofig.JwtTokenUtil        : getClaimFromToken called
2021-12-30 08:32:49.214  INFO [admin-ws,c51f5aabc0d76179,c51f5aabc0d76179] 11080 --- [http-nio-8082-exec-2] com.flight_app.cofig.JwtTokenUtil        : getAllClaimsFromToken called
2021-12-30 08:32:49.231  INFO [admin-ws,c51f5aabc0d76179,c51f5aabc0d76179] 11080 --- [http-nio-8082-exec-2] c.f.service.JWTUserDetailsService        : called loadUserByUsername
2021-12-30 08:32:49.436  INFO [admin-ws,c51f5aabc0d76179,c51f5aabc0d76179] 11080 --- [http-nio-8082-exec-2] c.f.service.JWTUserDetailsService        : called bcryptPassword
2021-12-30 08:32:49.538  INFO [admin-ws,c51f5aabc0d76179,c51f5aabc0d76179] 11080 --- [http-nio-8082-exec-2] com.flight_app.cofig.JwtTokenUtil        : validateToken called
2021-12-30 08:32:49.539  INFO [admin-ws,c51f5aabc0d76179,c51f5aabc0d76179] 11080 --- [http-nio-8082-exec-2] com.flight_app.cofig.JwtTokenUtil        : getUsernameFromToken
2021-12-30 08:32:49.540  INFO [admin-ws,c51f5aabc0d76179,c51f5aabc0d76179] 11080 --- [http-nio-8082-exec-2] com.flight_app.cofig.JwtTokenUtil        : getClaimFromToken called
2021-12-30 08:32:49.541  INFO [admin-ws,c51f5aabc0d76179,c51f5aabc0d76179] 11080 --- [http-nio-8082-exec-2] com.flight_app.cofig.JwtTokenUtil        : getAllClaimsFromToken called
2021-12-30 08:32:49.543  INFO [admin-ws,c51f5aabc0d76179,c51f5aabc0d76179] 11080 --- [http-nio-8082-exec-2] com.flight_app.cofig.JwtTokenUtil        : isTokenExpired called
2021-12-30 08:32:49.544  INFO [admin-ws,c51f5aabc0d76179,c51f5aabc0d76179] 11080 --- [http-nio-8082-exec-2] com.flight_app.cofig.JwtTokenUtil        : getExpirationDateFromToken called
2021-12-30 08:32:49.545  INFO [admin-ws,c51f5aabc0d76179,c51f5aabc0d76179] 11080 --- [http-nio-8082-exec-2] com.flight_app.cofig.JwtTokenUtil        : getClaimFromToken called
2021-12-30 08:32:49.545  INFO [admin-ws,c51f5aabc0d76179,c51f5aabc0d76179] 11080 --- [http-nio-8082-exec-2] com.flight_app.cofig.JwtTokenUtil        : getAllClaimsFromToken called
2021-12-30 08:32:49.549  INFO [admin-ws,c51f5aabc0d76179,c51f5aabc0d76179] 11080 --- [http-nio-8082-exec-2] c.f.c.JwtAuthenticationController        : started getCurrentLoggedInUser **
2021-12-30 08:32:49.549  INFO [admin-ws,c51f5aabc0d76179,c51f5aabc0d76179] 11080 --- [http-nio-8082-exec-2] c.f.service.JWTUserDetailsService        : called findUser
2021-12-30 08:32:50.707  WARN [admin-ws,,] 11080 --- [AsyncReporter{RestTemplateSender{http://localhost:9411/api/v2/spans}}] z.r.AsyncReporter$BoundedAsyncReporter   : Spans were dropped due to exceptions. All subsequent errors will be logged at FINE level.
2021-12-30 08:32:50.715  WARN [admin-ws,,] 11080 --- [AsyncReporter{RestTemplateSender{http://localhost:9411/api/v2/spans}}] z.r.AsyncReporter$BoundedAsyncReporter   : Dropped 2 spans due to ResourceAccessException(I/O error on POST request for "http://localhost:9411/api/v2/spans": connect timed out; nested exception is java.net.SocketTimeoutException: connect timed out)

org.springframework.web.client.ResourceAccessException: I/O error on POST request for "http://localhost:9411/api/v2/spans": connect timed out; nested exception is java.net.SocketTimeoutException: connect timed out
	at org.springframework.web.client.RestTemplate.doExecute(RestTemplate.java:785) ~[spring-web-5.3.13.jar:5.3.13]
	at org.springframework.cloud.sleuth.zipkin2.ZipkinRestTemplateWrapper.doExecute(ZipkinRestTemplateWrapper.java:69) ~[spring-cloud-sleuth-zipkin-3.0.4.jar:3.0.4]
	at org.springframework.web.client.RestTemplate.exchange(RestTemplate.java:660) ~[spring-web-5.3.13.jar:5.3.13]
	at org.springframework.cloud.sleuth.zipkin2.RestTemplateSender.post(RestTemplateSender.java:151) ~[spring-cloud-sleuth-zipkin-3.0.4.jar:3.0.4]
	at org.springframework.cloud.sleuth.zipkin2.RestTemplateSender$HttpPostCall.doExecute(RestTemplateSender.java:169) ~[spring-cloud-sleuth-zipkin-3.0.4.jar:3.0.4]
	at org.springframework.cloud.sleuth.zipkin2.RestTemplateSender$HttpPostCall.doExecute(RestTemplateSender.java:159) ~[spring-cloud-sleuth-zipkin-3.0.4.jar:3.0.4]
	at zipkin2.Call$Base.execute(Call.java:391) ~[zipkin-2.23.0.jar:na]
	at zipkin2.reporter.AsyncReporter$BoundedAsyncReporter.flush(AsyncReporter.java:299) ~[zipkin-reporter-2.16.1.jar:na]
	at zipkin2.reporter.AsyncReporter$Flusher.run(AsyncReporter.java:378) ~[zipkin-reporter-2.16.1.jar:na]
	at java.base/java.lang.Thread.run(Thread.java:834) ~[na:na]
Caused by: java.net.SocketTimeoutException: connect timed out
	at java.base/java.net.PlainSocketImpl.waitForConnect(Native Method) ~[na:na]
	at java.base/java.net.PlainSocketImpl.socketConnect(PlainSocketImpl.java:107) ~[na:na]
	at java.base/java.net.AbstractPlainSocketImpl.doConnect(AbstractPlainSocketImpl.java:412) ~[na:na]
	at java.base/java.net.AbstractPlainSocketImpl.connectToAddress(AbstractPlainSocketImpl.java:255) ~[na:na]
	at java.base/java.net.AbstractPlainSocketImpl.connect(AbstractPlainSocketImpl.java:237) ~[na:na]
	at java.base/java.net.Socket.connect(Socket.java:608) ~[na:na]
	at java.base/sun.net.NetworkClient.doConnect(NetworkClient.java:177) ~[na:na]
	at java.base/sun.net.www.http.HttpClient.openServer(HttpClient.java:474) ~[na:na]
	at java.base/sun.net.www.http.HttpClient.openServer(HttpClient.java:569) ~[na:na]
	at java.base/sun.net.www.http.HttpClient.<init>(HttpClient.java:242) ~[na:na]
	at java.base/sun.net.www.http.HttpClient.New(HttpClient.java:341) ~[na:na]
	at java.base/sun.net.www.http.HttpClient.New(HttpClient.java:362) ~[na:na]
	at java.base/sun.net.www.protocol.http.HttpURLConnection.getNewHttpClient(HttpURLConnection.java:1253) ~[na:na]
	at java.base/sun.net.www.protocol.http.HttpURLConnection.plainConnect0(HttpURLConnection.java:1187) ~[na:na]
	at java.base/sun.net.www.protocol.http.HttpURLConnection.plainConnect(HttpURLConnection.java:1081) ~[na:na]
	at java.base/sun.net.www.protocol.http.HttpURLConnection.connect(HttpURLConnection.java:1015) ~[na:na]
	at org.springframework.http.client.SimpleBufferingClientHttpRequest.executeInternal(SimpleBufferingClientHttpRequest.java:76) ~[spring-web-5.3.13.jar:5.3.13]
	at org.springframework.http.client.AbstractBufferingClientHttpRequest.executeInternal(AbstractBufferingClientHttpRequest.java:48) ~[spring-web-5.3.13.jar:5.3.13]
	at org.springframework.http.client.AbstractClientHttpRequest.execute(AbstractClientHttpRequest.java:66) ~[spring-web-5.3.13.jar:5.3.13]
	at org.springframework.web.client.RestTemplate.doExecute(RestTemplate.java:776) ~[spring-web-5.3.13.jar:5.3.13]
	... 9 common frames omitted

2021-12-30 08:36:35.302  INFO [admin-ws,,] 11080 --- [AsyncResolver-bootstrap-executor-0] c.n.d.s.r.aws.ConfigClusterResolver      : Resolving eureka endpoints via configuration
2021-12-30 08:41:35.316  INFO [admin-ws,,] 11080 --- [AsyncResolver-bootstrap-executor-0] c.n.d.s.r.aws.ConfigClusterResolver      : Resolving eureka endpoints via configuration
2021-12-30 08:46:35.326  INFO [admin-ws,,] 11080 --- [AsyncResolver-bootstrap-executor-0] c.n.d.s.r.aws.ConfigClusterResolver      : Resolving eureka endpoints via configuration
2021-12-30 08:51:35.341  INFO [admin-ws,,] 11080 --- [AsyncResolver-bootstrap-executor-0] c.n.d.s.r.aws.ConfigClusterResolver      : Resolving eureka endpoints via configuration
2021-12-30 08:56:35.347  INFO [admin-ws,,] 11080 --- [AsyncResolver-bootstrap-executor-0] c.n.d.s.r.aws.ConfigClusterResolver      : Resolving eureka endpoints via configuration
2021-12-30 09:01:35.358  INFO [admin-ws,,] 11080 --- [AsyncResolver-bootstrap-executor-0] c.n.d.s.r.aws.ConfigClusterResolver      : Resolving eureka endpoints via configuration
2021-12-30 09:06:35.370  INFO [admin-ws,,] 11080 --- [AsyncResolver-bootstrap-executor-0] c.n.d.s.r.aws.ConfigClusterResolver      : Resolving eureka endpoints via configuration
2021-12-30 09:11:35.377  INFO [admin-ws,,] 11080 --- [AsyncResolver-bootstrap-executor-0] c.n.d.s.r.aws.ConfigClusterResolver      : Resolving eureka endpoints via configuration
2021-12-30 09:12:08.413  INFO [admin-ws,9093732ffcd085da,9093732ffcd085da] 11080 --- [http-nio-8082-exec-4] com.flight_app.cofig.JwtRequestFilter    : called doFilterInternal
2021-12-30 09:12:08.413  INFO [admin-ws,9093732ffcd085da,9093732ffcd085da] 11080 --- [http-nio-8082-exec-4] com.flight_app.cofig.JwtRequestFilter    : JWT Token does not begin with Bearer String
2021-12-30 09:12:08.418  INFO [admin-ws,9093732ffcd085da,9093732ffcd085da] 11080 --- [http-nio-8082-exec-4] c.f.c.JwtAuthenticationController        : started createAuthenticationToken **
2021-12-30 09:12:08.419  INFO [admin-ws,9093732ffcd085da,9093732ffcd085da] 11080 --- [http-nio-8082-exec-4] c.f.c.JwtAuthenticationController        : started authenticate **
2021-12-30 09:12:08.419  INFO [admin-ws,9093732ffcd085da,9093732ffcd085da] 11080 --- [http-nio-8082-exec-4] c.f.service.JWTUserDetailsService        : called loadUserByUsername
2021-12-30 09:12:09.352  INFO [admin-ws,9093732ffcd085da,9093732ffcd085da] 11080 --- [http-nio-8082-exec-4] c.f.service.JWTUserDetailsService        : called bcryptPassword
2021-12-30 09:12:09.565  INFO [admin-ws,9093732ffcd085da,9093732ffcd085da] 11080 --- [http-nio-8082-exec-4] c.f.service.JWTUserDetailsService        : called loadUserByUsername
2021-12-30 09:12:09.765  INFO [admin-ws,9093732ffcd085da,9093732ffcd085da] 11080 --- [http-nio-8082-exec-4] c.f.service.JWTUserDetailsService        : called bcryptPassword
2021-12-30 09:12:09.871  INFO [admin-ws,9093732ffcd085da,9093732ffcd085da] 11080 --- [http-nio-8082-exec-4] com.flight_app.cofig.JwtTokenUtil        : generateToken called
2021-12-30 09:12:09.872  INFO [admin-ws,9093732ffcd085da,9093732ffcd085da] 11080 --- [http-nio-8082-exec-4] com.flight_app.cofig.JwtTokenUtil        : doGenerateToken called
2021-12-30 09:12:09.892  INFO [admin-ws,c8518b2a2fb9db29,c8518b2a2fb9db29] 11080 --- [http-nio-8082-exec-5] com.flight_app.cofig.JwtRequestFilter    : called doFilterInternal
2021-12-30 09:12:09.894  INFO [admin-ws,c8518b2a2fb9db29,c8518b2a2fb9db29] 11080 --- [http-nio-8082-exec-5] com.flight_app.cofig.JwtTokenUtil        : getUsernameFromToken
2021-12-30 09:12:09.894  INFO [admin-ws,c8518b2a2fb9db29,c8518b2a2fb9db29] 11080 --- [http-nio-8082-exec-5] com.flight_app.cofig.JwtTokenUtil        : getClaimFromToken called
2021-12-30 09:12:09.894  INFO [admin-ws,c8518b2a2fb9db29,c8518b2a2fb9db29] 11080 --- [http-nio-8082-exec-5] com.flight_app.cofig.JwtTokenUtil        : getAllClaimsFromToken called
2021-12-30 09:12:09.897  INFO [admin-ws,c8518b2a2fb9db29,c8518b2a2fb9db29] 11080 --- [http-nio-8082-exec-5] c.f.service.JWTUserDetailsService        : called loadUserByUsername
2021-12-30 09:12:10.098  INFO [admin-ws,c8518b2a2fb9db29,c8518b2a2fb9db29] 11080 --- [http-nio-8082-exec-5] c.f.service.JWTUserDetailsService        : called bcryptPassword
2021-12-30 09:12:10.207  INFO [admin-ws,c8518b2a2fb9db29,c8518b2a2fb9db29] 11080 --- [http-nio-8082-exec-5] com.flight_app.cofig.JwtTokenUtil        : validateToken called
2021-12-30 09:12:10.208  INFO [admin-ws,c8518b2a2fb9db29,c8518b2a2fb9db29] 11080 --- [http-nio-8082-exec-5] com.flight_app.cofig.JwtTokenUtil        : getUsernameFromToken
2021-12-30 09:12:10.208  INFO [admin-ws,c8518b2a2fb9db29,c8518b2a2fb9db29] 11080 --- [http-nio-8082-exec-5] com.flight_app.cofig.JwtTokenUtil        : getClaimFromToken called
2021-12-30 09:12:10.208  INFO [admin-ws,c8518b2a2fb9db29,c8518b2a2fb9db29] 11080 --- [http-nio-8082-exec-5] com.flight_app.cofig.JwtTokenUtil        : getAllClaimsFromToken called
2021-12-30 09:12:10.209  INFO [admin-ws,c8518b2a2fb9db29,c8518b2a2fb9db29] 11080 --- [http-nio-8082-exec-5] com.flight_app.cofig.JwtTokenUtil        : isTokenExpired called
2021-12-30 09:12:10.209  INFO [admin-ws,c8518b2a2fb9db29,c8518b2a2fb9db29] 11080 --- [http-nio-8082-exec-5] com.flight_app.cofig.JwtTokenUtil        : getExpirationDateFromToken called
2021-12-30 09:12:10.209  INFO [admin-ws,c8518b2a2fb9db29,c8518b2a2fb9db29] 11080 --- [http-nio-8082-exec-5] com.flight_app.cofig.JwtTokenUtil        : getClaimFromToken called
2021-12-30 09:12:10.209  INFO [admin-ws,c8518b2a2fb9db29,c8518b2a2fb9db29] 11080 --- [http-nio-8082-exec-5] com.flight_app.cofig.JwtTokenUtil        : getAllClaimsFromToken called
2021-12-30 09:12:10.214  INFO [admin-ws,c8518b2a2fb9db29,c8518b2a2fb9db29] 11080 --- [http-nio-8082-exec-5] c.f.c.JwtAuthenticationController        : started getCurrentLoggedInUser **
2021-12-30 09:12:10.214  INFO [admin-ws,c8518b2a2fb9db29,c8518b2a2fb9db29] 11080 --- [http-nio-8082-exec-5] c.f.service.JWTUserDetailsService        : called findUser
2021-12-30 09:13:02.451  INFO [admin-ws,2e317772086367f1,2e317772086367f1] 11080 --- [http-nio-8082-exec-6] com.flight_app.cofig.JwtRequestFilter    : called doFilterInternal
2021-12-30 09:13:02.453  INFO [admin-ws,2e317772086367f1,2e317772086367f1] 11080 --- [http-nio-8082-exec-6] com.flight_app.cofig.JwtTokenUtil        : getUsernameFromToken
2021-12-30 09:13:02.455  INFO [admin-ws,2e317772086367f1,2e317772086367f1] 11080 --- [http-nio-8082-exec-6] com.flight_app.cofig.JwtTokenUtil        : getClaimFromToken called
2021-12-30 09:13:02.455  INFO [admin-ws,2e317772086367f1,2e317772086367f1] 11080 --- [http-nio-8082-exec-6] com.flight_app.cofig.JwtTokenUtil        : getAllClaimsFromToken called
2021-12-30 09:13:02.458  INFO [admin-ws,2e317772086367f1,2e317772086367f1] 11080 --- [http-nio-8082-exec-6] c.f.service.JWTUserDetailsService        : called loadUserByUsername
2021-12-30 09:13:02.667  INFO [admin-ws,2e317772086367f1,2e317772086367f1] 11080 --- [http-nio-8082-exec-6] c.f.service.JWTUserDetailsService        : called bcryptPassword
2021-12-30 09:13:02.784  INFO [admin-ws,2e317772086367f1,2e317772086367f1] 11080 --- [http-nio-8082-exec-6] com.flight_app.cofig.JwtTokenUtil        : validateToken called
2021-12-30 09:13:02.785  INFO [admin-ws,2e317772086367f1,2e317772086367f1] 11080 --- [http-nio-8082-exec-6] com.flight_app.cofig.JwtTokenUtil        : getUsernameFromToken
2021-12-30 09:13:02.785  INFO [admin-ws,2e317772086367f1,2e317772086367f1] 11080 --- [http-nio-8082-exec-6] com.flight_app.cofig.JwtTokenUtil        : getClaimFromToken called
2021-12-30 09:13:02.786  INFO [admin-ws,2e317772086367f1,2e317772086367f1] 11080 --- [http-nio-8082-exec-6] com.flight_app.cofig.JwtTokenUtil        : getAllClaimsFromToken called
2021-12-30 09:13:02.787  INFO [admin-ws,2e317772086367f1,2e317772086367f1] 11080 --- [http-nio-8082-exec-6] com.flight_app.cofig.JwtTokenUtil        : isTokenExpired called
2021-12-30 09:13:02.787  INFO [admin-ws,2e317772086367f1,2e317772086367f1] 11080 --- [http-nio-8082-exec-6] com.flight_app.cofig.JwtTokenUtil        : getExpirationDateFromToken called
2021-12-30 09:13:02.788  INFO [admin-ws,2e317772086367f1,2e317772086367f1] 11080 --- [http-nio-8082-exec-6] com.flight_app.cofig.JwtTokenUtil        : getClaimFromToken called
2021-12-30 09:13:02.788  INFO [admin-ws,2e317772086367f1,2e317772086367f1] 11080 --- [http-nio-8082-exec-6] com.flight_app.cofig.JwtTokenUtil        : getAllClaimsFromToken called
2021-12-30 09:13:02.865  INFO [admin-ws,2e317772086367f1,2e317772086367f1] 11080 --- [http-nio-8082-exec-6] c.f.controllers.FlightController         : started addNewFlight **
2021-12-30 09:16:35.381  INFO [admin-ws,,] 11080 --- [AsyncResolver-bootstrap-executor-0] c.n.d.s.r.aws.ConfigClusterResolver      : Resolving eureka endpoints via configuration
2021-12-30 09:21:35.390  INFO [admin-ws,,] 11080 --- [AsyncResolver-bootstrap-executor-0] c.n.d.s.r.aws.ConfigClusterResolver      : Resolving eureka endpoints via configuration
2021-12-30 09:26:35.399  INFO [admin-ws,,] 11080 --- [AsyncResolver-bootstrap-executor-0] c.n.d.s.r.aws.ConfigClusterResolver      : Resolving eureka endpoints via configuration
2021-12-30 09:31:35.412  INFO [admin-ws,,] 11080 --- [AsyncResolver-bootstrap-executor-0] c.n.d.s.r.aws.ConfigClusterResolver      : Resolving eureka endpoints via configuration
2021-12-30 09:36:35.415  INFO [admin-ws,,] 11080 --- [AsyncResolver-bootstrap-executor-0] c.n.d.s.r.aws.ConfigClusterResolver      : Resolving eureka endpoints via configuration
2021-12-30 09:41:02.245  INFO [admin-ws,81b99d969de222a7,81b99d969de222a7] 11080 --- [http-nio-8082-exec-8] com.flight_app.cofig.JwtRequestFilter    : called doFilterInternal
2021-12-30 09:41:02.246  INFO [admin-ws,81b99d969de222a7,81b99d969de222a7] 11080 --- [http-nio-8082-exec-8] com.flight_app.cofig.JwtRequestFilter    : JWT Token does not begin with Bearer String
2021-12-30 09:41:02.249  INFO [admin-ws,81b99d969de222a7,81b99d969de222a7] 11080 --- [http-nio-8082-exec-8] c.f.c.JwtAuthenticationController        : started createAuthenticationToken **
2021-12-30 09:41:02.249  INFO [admin-ws,81b99d969de222a7,81b99d969de222a7] 11080 --- [http-nio-8082-exec-8] c.f.c.JwtAuthenticationController        : started authenticate **
2021-12-30 09:41:02.249  INFO [admin-ws,81b99d969de222a7,81b99d969de222a7] 11080 --- [http-nio-8082-exec-8] c.f.service.JWTUserDetailsService        : called loadUserByUsername
2021-12-30 09:41:03.211  INFO [admin-ws,81b99d969de222a7,81b99d969de222a7] 11080 --- [http-nio-8082-exec-8] c.f.cofig.JwtAuthenticationEntryPoint    : commence called
2021-12-30 09:41:09.678  INFO [admin-ws,c87b65939f8ff338,c87b65939f8ff338] 11080 --- [http-nio-8082-exec-9] com.flight_app.cofig.JwtRequestFilter    : called doFilterInternal
2021-12-30 09:41:09.679  INFO [admin-ws,c87b65939f8ff338,c87b65939f8ff338] 11080 --- [http-nio-8082-exec-9] com.flight_app.cofig.JwtRequestFilter    : JWT Token does not begin with Bearer String
2021-12-30 09:41:09.681  INFO [admin-ws,c87b65939f8ff338,c87b65939f8ff338] 11080 --- [http-nio-8082-exec-9] c.f.c.JwtAuthenticationController        : started createAuthenticationToken **
2021-12-30 09:41:09.681  INFO [admin-ws,c87b65939f8ff338,c87b65939f8ff338] 11080 --- [http-nio-8082-exec-9] c.f.c.JwtAuthenticationController        : started authenticate **
2021-12-30 09:41:09.681  INFO [admin-ws,c87b65939f8ff338,c87b65939f8ff338] 11080 --- [http-nio-8082-exec-9] c.f.service.JWTUserDetailsService        : called loadUserByUsername
2021-12-30 09:41:10.003  INFO [admin-ws,c87b65939f8ff338,c87b65939f8ff338] 11080 --- [http-nio-8082-exec-9] c.f.cofig.JwtAuthenticationEntryPoint    : commence called
2021-12-30 09:41:30.954  INFO [admin-ws,,] 11276 --- [restartedMain] com.flight_app.AdminServiceApp           : Starting AdminServiceApp using Java 11.0.13 on DESKTOP-PLCALCU with PID 11276 (C:\Users\user\Documents\project_apis\Flight-booking-API\adminService\target\classes started by user in C:\Users\user\Documents\project_apis\Flight-booking-API\adminService)
2021-12-30 09:41:30.957  INFO [admin-ws,,] 11276 --- [restartedMain] com.flight_app.AdminServiceApp           : No active profile set, falling back to default profiles: default
2021-12-30 09:41:31.098  INFO [admin-ws,,] 11276 --- [restartedMain] .e.DevToolsPropertyDefaultsPostProcessor : Devtools property defaults active! Set 'spring.devtools.add-properties' to 'false' to disable
2021-12-30 09:41:31.099  INFO [admin-ws,,] 11276 --- [restartedMain] .e.DevToolsPropertyDefaultsPostProcessor : For additional web related logging consider setting the 'logging.level.web' property to 'DEBUG'
2021-12-30 09:41:34.773  INFO [admin-ws,,] 11276 --- [restartedMain] o.s.cloud.context.scope.GenericScope     : BeanFactory id=f3191c5b-6521-3101-bb30-ba9ba1a13fa0
2021-12-30 09:41:35.462  INFO [admin-ws,,] 11276 --- [restartedMain] trationDelegate$BeanPostProcessorChecker : Bean 'org.springframework.security.access.expression.method.DefaultMethodSecurityExpressionHandler@7d39e817' of type [org.springframework.security.access.expression.method.DefaultMethodSecurityExpressionHandler] is not eligible for getting processed by all BeanPostProcessors (for example: not eligible for auto-proxying)
2021-12-30 09:41:35.499  INFO [admin-ws,,] 11276 --- [restartedMain] trationDelegate$BeanPostProcessorChecker : Bean 'methodSecurityMetadataSource' of type [org.springframework.security.access.method.DelegatingMethodSecurityMetadataSource] is not eligible for getting processed by all BeanPostProcessors (for example: not eligible for auto-proxying)
2021-12-30 09:41:36.990  INFO [admin-ws,,] 11276 --- [restartedMain] o.s.b.w.embedded.tomcat.TomcatWebServer  : Tomcat initialized with port(s): 8082 (http)
2021-12-30 09:41:37.010  INFO [admin-ws,,] 11276 --- [restartedMain] o.apache.catalina.core.StandardService   : Starting service [Tomcat]
2021-12-30 09:41:37.010  INFO [admin-ws,,] 11276 --- [restartedMain] org.apache.catalina.core.StandardEngine  : Starting Servlet engine: [Apache Tomcat/9.0.55]
2021-12-30 09:41:37.363  INFO [admin-ws,,] 11276 --- [restartedMain] o.a.c.c.C.[Tomcat].[localhost].[/]       : Initializing Spring embedded WebApplicationContext
2021-12-30 09:41:37.364  INFO [admin-ws,,] 11276 --- [restartedMain] w.s.c.ServletWebServerApplicationContext : Root WebApplicationContext: initialization completed in 6264 ms
2021-12-30 09:41:41.762  INFO [admin-ws,,] 11276 --- [restartedMain] o.s.cloud.commons.util.InetUtils         : Cannot determine local hostname
2021-12-30 09:41:42.488  INFO [admin-ws,,] 11276 --- [restartedMain] com.flight_app.cofig.WebSecurityConfig   : configureGlobal called
2021-12-30 09:41:42.563  INFO [admin-ws,,] 11276 --- [restartedMain] com.flight_app.cofig.WebSecurityConfig   : passwordEncoder called
2021-12-30 09:41:42.902  WARN [admin-ws,,] 11276 --- [restartedMain] o.s.b.d.a.OptionalLiveReloadServer       : Unable to start LiveReload server
2021-12-30 09:41:43.021  INFO [admin-ws,,] 11276 --- [restartedMain] o.s.c.openfeign.FeignClientFactoryBean   : For 'FLIGHT-WS' URL not provided. Will try picking an instance via load-balancing.
2021-12-30 09:41:43.456  INFO [admin-ws,,] 11276 --- [restartedMain] com.flight_app.cofig.WebSecurityConfig   : authenticationManagerBean called
2021-12-30 09:41:44.875  INFO [admin-ws,,] 11276 --- [restartedMain] o.s.b.a.e.web.EndpointLinksResolver      : Exposing 1 endpoint(s) beneath base path '/actuator'
2021-12-30 09:41:45.389  INFO [admin-ws,,] 11276 --- [restartedMain] com.flight_app.cofig.WebSecurityConfig   : configure called
2021-12-30 09:41:45.972  INFO [admin-ws,,] 11276 --- [restartedMain] o.s.s.web.DefaultSecurityFilterChain     : Will secure any request with [org.springframework.security.web.context.request.async.WebAsyncManagerIntegrationFilter@4ac9fe31, org.springframework.security.web.context.SecurityContextPersistenceFilter@3b7583f5, org.springframework.security.web.header.HeaderWriterFilter@2046aa35, org.springframework.web.filter.CorsFilter@168c1815, org.springframework.security.web.authentication.logout.LogoutFilter@2041d87c, com.flight_app.cofig.JwtRequestFilter@5e2c5775, org.springframework.security.web.savedrequest.RequestCacheAwareFilter@1169d2d8, org.springframework.security.web.servletapi.SecurityContextHolderAwareRequestFilter@6f414212, org.springframework.security.web.authentication.AnonymousAuthenticationFilter@5faf361e, org.springframework.security.web.session.SessionManagementFilter@483a849d, org.springframework.security.web.access.ExceptionTranslationFilter@a5ff6eb, org.springframework.security.web.access.intercept.FilterSecurityInterceptor@2ba24e70]
2021-12-30 09:41:49.401  INFO [admin-ws,,] 11276 --- [restartedMain] o.s.cloud.commons.util.InetUtils         : Cannot determine local hostname
2021-12-30 09:41:49.466  INFO [admin-ws,,] 11276 --- [restartedMain] DiscoveryClientOptionalArgsConfiguration : Eureka HTTP Client uses RestTemplate.
2021-12-30 09:41:50.220  WARN [admin-ws,,] 11276 --- [restartedMain] iguration$LoadBalancerCaffeineWarnLogger : Spring Cloud LoadBalancer is currently working with the default cache. You can switch to using Caffeine cache, by adding it and org.springframework.cache.caffeine.CaffeineCacheManager to the classpath.
2021-12-30 09:41:50.657  INFO [admin-ws,,] 11276 --- [restartedMain] o.s.c.n.eureka.InstanceInfoFactory       : Setting initial instance status as: STARTING
2021-12-30 09:41:50.731  INFO [admin-ws,,] 11276 --- [restartedMain] com.netflix.discovery.DiscoveryClient    : Initializing Eureka in region us-east-1
2021-12-30 09:41:50.741  INFO [admin-ws,,] 11276 --- [restartedMain] c.n.d.s.r.aws.ConfigClusterResolver      : Resolving eureka endpoints via configuration
2021-12-30 09:41:50.785  INFO [admin-ws,,] 11276 --- [restartedMain] com.netflix.discovery.DiscoveryClient    : Disable delta property : false
2021-12-30 09:41:50.785  INFO [admin-ws,,] 11276 --- [restartedMain] com.netflix.discovery.DiscoveryClient    : Single vip registry refresh property : null
2021-12-30 09:41:50.785  INFO [admin-ws,,] 11276 --- [restartedMain] com.netflix.discovery.DiscoveryClient    : Force full registry fetch : false
2021-12-30 09:41:50.786  INFO [admin-ws,,] 11276 --- [restartedMain] com.netflix.discovery.DiscoveryClient    : Application is null : false
2021-12-30 09:41:50.786  INFO [admin-ws,,] 11276 --- [restartedMain] com.netflix.discovery.DiscoveryClient    : Registered Applications size is zero : true
2021-12-30 09:41:50.786  INFO [admin-ws,,] 11276 --- [restartedMain] com.netflix.discovery.DiscoveryClient    : Application version is -1: true
2021-12-30 09:41:50.786  INFO [admin-ws,,] 11276 --- [restartedMain] com.netflix.discovery.DiscoveryClient    : Getting all instance registry info from the eureka server
2021-12-30 09:41:51.057  INFO [admin-ws,,] 11276 --- [restartedMain] com.netflix.discovery.DiscoveryClient    : The response status is 200
2021-12-30 09:41:51.062  INFO [admin-ws,,] 11276 --- [restartedMain] com.netflix.discovery.DiscoveryClient    : Starting heartbeat executor: renew interval is: 30
2021-12-30 09:41:51.066  INFO [admin-ws,,] 11276 --- [restartedMain] c.n.discovery.InstanceInfoReplicator     : InstanceInfoReplicator onDemand update allowed rate per min is 4
2021-12-30 09:41:51.078  INFO [admin-ws,,] 11276 --- [restartedMain] com.netflix.discovery.DiscoveryClient    : Discovery Client initialized at timestamp 1640837511075 with initial instances count: 7
2021-12-30 09:41:51.107  INFO [admin-ws,,] 11276 --- [restartedMain] o.s.c.n.e.s.EurekaServiceRegistry        : Registering application ADMIN-WS with eureka with status UP
2021-12-30 09:41:51.109  INFO [admin-ws,,] 11276 --- [restartedMain] com.netflix.discovery.DiscoveryClient    : Saw local status change event StatusChangeEvent [timestamp=1640837511109, current=UP, previous=STARTING]
2021-12-30 09:41:51.113  INFO [admin-ws,,] 11276 --- [DiscoveryClient-InstanceInfoReplicator-0] com.netflix.discovery.DiscoveryClient    : DiscoveryClient_ADMIN-WS/admin-ws:f68a11f1bc1b7981d7e1d4852ec0e0b5: registering service...
2021-12-30 09:41:51.157  INFO [admin-ws,,] 11276 --- [restartedMain] o.s.b.w.embedded.tomcat.TomcatWebServer  : Tomcat started on port(s): 8082 (http) with context path ''
2021-12-30 09:41:51.160  INFO [admin-ws,,] 11276 --- [restartedMain] .s.c.n.e.s.EurekaAutoServiceRegistration : Updating port to 8082
2021-12-30 09:41:51.203  INFO [admin-ws,,] 11276 --- [DiscoveryClient-InstanceInfoReplicator-0] com.netflix.discovery.DiscoveryClient    : DiscoveryClient_ADMIN-WS/admin-ws:f68a11f1bc1b7981d7e1d4852ec0e0b5 - registration status: 204
2021-12-30 09:41:52.360  INFO [admin-ws,,] 11276 --- [restartedMain] o.s.cloud.commons.util.InetUtils         : Cannot determine local hostname
2021-12-30 09:41:52.916  INFO [admin-ws,,] 11276 --- [restartedMain] com.flight_app.AdminServiceApp           : Started AdminServiceApp in 24.101 seconds (JVM running for 25.7)
2021-12-30 09:41:56.059  INFO [admin-ws,,] 11276 --- [http-nio-8082-exec-1] o.a.c.c.C.[Tomcat].[localhost].[/]       : Initializing Spring DispatcherServlet 'dispatcherServlet'
2021-12-30 09:41:56.060  INFO [admin-ws,,] 11276 --- [http-nio-8082-exec-1] o.s.web.servlet.DispatcherServlet        : Initializing Servlet 'dispatcherServlet'
2021-12-30 09:41:56.063  INFO [admin-ws,,] 11276 --- [http-nio-8082-exec-1] o.s.web.servlet.DispatcherServlet        : Completed initialization in 3 ms
2021-12-30 09:41:56.140  INFO [admin-ws,39d06e5d1cc0a577,39d06e5d1cc0a577] 11276 --- [http-nio-8082-exec-1] com.flight_app.cofig.JwtRequestFilter    : called doFilterInternal
2021-12-30 09:41:56.140  INFO [admin-ws,39d06e5d1cc0a577,39d06e5d1cc0a577] 11276 --- [http-nio-8082-exec-1] com.flight_app.cofig.JwtRequestFilter    : JWT Token does not begin with Bearer String
2021-12-30 09:41:56.197  INFO [admin-ws,39d06e5d1cc0a577,39d06e5d1cc0a577] 11276 --- [http-nio-8082-exec-1] c.f.c.JwtAuthenticationController        : started createAuthenticationToken **
2021-12-30 09:41:56.198  INFO [admin-ws,39d06e5d1cc0a577,39d06e5d1cc0a577] 11276 --- [http-nio-8082-exec-1] c.f.c.JwtAuthenticationController        : started authenticate **
2021-12-30 09:41:56.319  INFO [admin-ws,39d06e5d1cc0a577,39d06e5d1cc0a577] 11276 --- [http-nio-8082-exec-1] c.f.service.JWTUserDetailsService        : called loadUserByUsername
2021-12-30 09:42:01.543  WARN [admin-ws,,] 11276 --- [registrationTask1] d.c.b.a.c.r.ApplicationRegistrator       : Failed to register application as Application(name=admin-ws, managementUrl=http://DESKTOP-PLCALCU:8082/actuator, healthUrl=http://DESKTOP-PLCALCU:8082/actuator/health, serviceUrl=http://DESKTOP-PLCALCU:8082/) at spring-boot-admin ([http://localhost:9090/instances]): I/O error on POST request for "http://localhost:9090/instances": Connect to localhost:9090 [localhost/127.0.0.1, localhost/0:0:0:0:0:0:0:1] failed: Connection refused: connect; nested exception is org.apache.http.conn.HttpHostConnectException: Connect to localhost:9090 [localhost/127.0.0.1, localhost/0:0:0:0:0:0:0:1] failed: Connection refused: connect. Further attempts are logged on DEBUG level
2021-12-30 09:42:04.731  INFO [admin-ws,39d06e5d1cc0a577,39d06e5d1cc0a577] 11276 --- [http-nio-8082-exec-1] c.f.service.JWTUserDetailsService        : called bcryptPassword
2021-12-30 09:42:04.944  INFO [admin-ws,39d06e5d1cc0a577,39d06e5d1cc0a577] 11276 --- [http-nio-8082-exec-1] c.f.service.JWTUserDetailsService        : called loadUserByUsername
2021-12-30 09:42:05.147  INFO [admin-ws,39d06e5d1cc0a577,39d06e5d1cc0a577] 11276 --- [http-nio-8082-exec-1] c.f.service.JWTUserDetailsService        : called bcryptPassword
2021-12-30 09:42:05.250  INFO [admin-ws,39d06e5d1cc0a577,39d06e5d1cc0a577] 11276 --- [http-nio-8082-exec-1] com.flight_app.cofig.JwtTokenUtil        : generateToken called
2021-12-30 09:42:05.251  INFO [admin-ws,39d06e5d1cc0a577,39d06e5d1cc0a577] 11276 --- [http-nio-8082-exec-1] com.flight_app.cofig.JwtTokenUtil        : doGenerateToken called
2021-12-30 09:42:05.736  INFO [admin-ws,ba3aa857fdf8a696,ba3aa857fdf8a696] 11276 --- [http-nio-8082-exec-2] com.flight_app.cofig.JwtRequestFilter    : called doFilterInternal
2021-12-30 09:42:05.737  INFO [admin-ws,ba3aa857fdf8a696,ba3aa857fdf8a696] 11276 --- [http-nio-8082-exec-2] com.flight_app.cofig.JwtTokenUtil        : getUsernameFromToken
2021-12-30 09:42:05.738  INFO [admin-ws,ba3aa857fdf8a696,ba3aa857fdf8a696] 11276 --- [http-nio-8082-exec-2] com.flight_app.cofig.JwtTokenUtil        : getClaimFromToken called
2021-12-30 09:42:05.738  INFO [admin-ws,ba3aa857fdf8a696,ba3aa857fdf8a696] 11276 --- [http-nio-8082-exec-2] com.flight_app.cofig.JwtTokenUtil        : getAllClaimsFromToken called
2021-12-30 09:42:05.753  INFO [admin-ws,ba3aa857fdf8a696,ba3aa857fdf8a696] 11276 --- [http-nio-8082-exec-2] c.f.service.JWTUserDetailsService        : called loadUserByUsername
2021-12-30 09:42:05.958  INFO [admin-ws,ba3aa857fdf8a696,ba3aa857fdf8a696] 11276 --- [http-nio-8082-exec-2] c.f.service.JWTUserDetailsService        : called bcryptPassword
2021-12-30 09:42:06.061  INFO [admin-ws,ba3aa857fdf8a696,ba3aa857fdf8a696] 11276 --- [http-nio-8082-exec-2] com.flight_app.cofig.JwtTokenUtil        : validateToken called
2021-12-30 09:42:06.061  INFO [admin-ws,ba3aa857fdf8a696,ba3aa857fdf8a696] 11276 --- [http-nio-8082-exec-2] com.flight_app.cofig.JwtTokenUtil        : getUsernameFromToken
2021-12-30 09:42:06.061  INFO [admin-ws,ba3aa857fdf8a696,ba3aa857fdf8a696] 11276 --- [http-nio-8082-exec-2] com.flight_app.cofig.JwtTokenUtil        : getClaimFromToken called
2021-12-30 09:42:06.062  INFO [admin-ws,ba3aa857fdf8a696,ba3aa857fdf8a696] 11276 --- [http-nio-8082-exec-2] com.flight_app.cofig.JwtTokenUtil        : getAllClaimsFromToken called
2021-12-30 09:42:06.063  INFO [admin-ws,ba3aa857fdf8a696,ba3aa857fdf8a696] 11276 --- [http-nio-8082-exec-2] com.flight_app.cofig.JwtTokenUtil        : isTokenExpired called
2021-12-30 09:42:06.063  INFO [admin-ws,ba3aa857fdf8a696,ba3aa857fdf8a696] 11276 --- [http-nio-8082-exec-2] com.flight_app.cofig.JwtTokenUtil        : getExpirationDateFromToken called
2021-12-30 09:42:06.063  INFO [admin-ws,ba3aa857fdf8a696,ba3aa857fdf8a696] 11276 --- [http-nio-8082-exec-2] com.flight_app.cofig.JwtTokenUtil        : getClaimFromToken called
2021-12-30 09:42:06.063  INFO [admin-ws,ba3aa857fdf8a696,ba3aa857fdf8a696] 11276 --- [http-nio-8082-exec-2] com.flight_app.cofig.JwtTokenUtil        : getAllClaimsFromToken called
2021-12-30 09:42:06.070  INFO [admin-ws,ba3aa857fdf8a696,ba3aa857fdf8a696] 11276 --- [http-nio-8082-exec-2] c.f.c.JwtAuthenticationController        : started getCurrentLoggedInUser **
2021-12-30 09:42:06.071  INFO [admin-ws,ba3aa857fdf8a696,ba3aa857fdf8a696] 11276 --- [http-nio-8082-exec-2] c.f.service.JWTUserDetailsService        : called findUser
2021-12-30 09:42:57.142  INFO [admin-ws,e051265b707570ff,e051265b707570ff] 11276 --- [http-nio-8082-exec-3] com.flight_app.cofig.JwtRequestFilter    : called doFilterInternal
2021-12-30 09:42:57.143  INFO [admin-ws,e051265b707570ff,e051265b707570ff] 11276 --- [http-nio-8082-exec-3] com.flight_app.cofig.JwtTokenUtil        : getUsernameFromToken
2021-12-30 09:42:57.143  INFO [admin-ws,e051265b707570ff,e051265b707570ff] 11276 --- [http-nio-8082-exec-3] com.flight_app.cofig.JwtTokenUtil        : getClaimFromToken called
2021-12-30 09:42:57.143  INFO [admin-ws,e051265b707570ff,e051265b707570ff] 11276 --- [http-nio-8082-exec-3] com.flight_app.cofig.JwtTokenUtil        : getAllClaimsFromToken called
2021-12-30 09:42:57.145  INFO [admin-ws,e051265b707570ff,e051265b707570ff] 11276 --- [http-nio-8082-exec-3] c.f.service.JWTUserDetailsService        : called loadUserByUsername
2021-12-30 09:42:57.356  INFO [admin-ws,e051265b707570ff,e051265b707570ff] 11276 --- [http-nio-8082-exec-3] c.f.service.JWTUserDetailsService        : called bcryptPassword
2021-12-30 09:42:57.468  INFO [admin-ws,e051265b707570ff,e051265b707570ff] 11276 --- [http-nio-8082-exec-3] com.flight_app.cofig.JwtTokenUtil        : validateToken called
2021-12-30 09:42:57.468  INFO [admin-ws,e051265b707570ff,e051265b707570ff] 11276 --- [http-nio-8082-exec-3] com.flight_app.cofig.JwtTokenUtil        : getUsernameFromToken
2021-12-30 09:42:57.469  INFO [admin-ws,e051265b707570ff,e051265b707570ff] 11276 --- [http-nio-8082-exec-3] com.flight_app.cofig.JwtTokenUtil        : getClaimFromToken called
2021-12-30 09:42:57.469  INFO [admin-ws,e051265b707570ff,e051265b707570ff] 11276 --- [http-nio-8082-exec-3] com.flight_app.cofig.JwtTokenUtil        : getAllClaimsFromToken called
2021-12-30 09:42:57.471  INFO [admin-ws,e051265b707570ff,e051265b707570ff] 11276 --- [http-nio-8082-exec-3] com.flight_app.cofig.JwtTokenUtil        : isTokenExpired called
2021-12-30 09:42:57.471  INFO [admin-ws,e051265b707570ff,e051265b707570ff] 11276 --- [http-nio-8082-exec-3] com.flight_app.cofig.JwtTokenUtil        : getExpirationDateFromToken called
2021-12-30 09:42:57.471  INFO [admin-ws,e051265b707570ff,e051265b707570ff] 11276 --- [http-nio-8082-exec-3] com.flight_app.cofig.JwtTokenUtil        : getClaimFromToken called
2021-12-30 09:42:57.471  INFO [admin-ws,e051265b707570ff,e051265b707570ff] 11276 --- [http-nio-8082-exec-3] com.flight_app.cofig.JwtTokenUtil        : getAllClaimsFromToken called
2021-12-30 09:42:57.543  INFO [admin-ws,e051265b707570ff,e051265b707570ff] 11276 --- [http-nio-8082-exec-3] c.f.controllers.FlightController         : started addNewFlight **
2021-12-30 09:42:59.813  INFO [admin-ws,e051265b707570ff,e051265b707570ff] 11276 --- [http-nio-8082-exec-3] c.f.controllers.FlightController         : started myTestFallBack **
2021-12-30 09:46:50.795  INFO [admin-ws,,] 11276 --- [AsyncResolver-bootstrap-executor-0] c.n.d.s.r.aws.ConfigClusterResolver      : Resolving eureka endpoints via configuration
2021-12-30 09:51:50.811  INFO [admin-ws,,] 11276 --- [AsyncResolver-bootstrap-executor-0] c.n.d.s.r.aws.ConfigClusterResolver      : Resolving eureka endpoints via configuration
2021-12-30 09:56:50.822  INFO [admin-ws,,] 11276 --- [AsyncResolver-bootstrap-executor-0] c.n.d.s.r.aws.ConfigClusterResolver      : Resolving eureka endpoints via configuration
2021-12-30 10:01:50.832  INFO [admin-ws,,] 11276 --- [AsyncResolver-bootstrap-executor-0] c.n.d.s.r.aws.ConfigClusterResolver      : Resolving eureka endpoints via configuration
2021-12-30 10:06:50.845  INFO [admin-ws,,] 11276 --- [AsyncResolver-bootstrap-executor-0] c.n.d.s.r.aws.ConfigClusterResolver      : Resolving eureka endpoints via configuration
2021-12-30 10:11:50.852  INFO [admin-ws,,] 11276 --- [AsyncResolver-bootstrap-executor-0] c.n.d.s.r.aws.ConfigClusterResolver      : Resolving eureka endpoints via configuration
2021-12-30 10:16:50.859  INFO [admin-ws,,] 11276 --- [AsyncResolver-bootstrap-executor-0] c.n.d.s.r.aws.ConfigClusterResolver      : Resolving eureka endpoints via configuration
2021-12-30 10:21:50.866  INFO [admin-ws,,] 11276 --- [AsyncResolver-bootstrap-executor-0] c.n.d.s.r.aws.ConfigClusterResolver      : Resolving eureka endpoints via configuration
2021-12-30 10:26:50.867  INFO [admin-ws,,] 11276 --- [AsyncResolver-bootstrap-executor-0] c.n.d.s.r.aws.ConfigClusterResolver      : Resolving eureka endpoints via configuration
2021-12-30 10:31:50.874  INFO [admin-ws,,] 11276 --- [AsyncResolver-bootstrap-executor-0] c.n.d.s.r.aws.ConfigClusterResolver      : Resolving eureka endpoints via configuration
2021-12-30 10:36:50.881  INFO [admin-ws,,] 11276 --- [AsyncResolver-bootstrap-executor-0] c.n.d.s.r.aws.ConfigClusterResolver      : Resolving eureka endpoints via configuration
2021-12-30 10:41:50.893  INFO [admin-ws,,] 11276 --- [AsyncResolver-bootstrap-executor-0] c.n.d.s.r.aws.ConfigClusterResolver      : Resolving eureka endpoints via configuration
2021-12-30 10:46:50.895  INFO [admin-ws,,] 11276 --- [AsyncResolver-bootstrap-executor-0] c.n.d.s.r.aws.ConfigClusterResolver      : Resolving eureka endpoints via configuration
2021-12-30 10:51:50.899  INFO [admin-ws,,] 11276 --- [AsyncResolver-bootstrap-executor-0] c.n.d.s.r.aws.ConfigClusterResolver      : Resolving eureka endpoints via configuration
2021-12-30 10:56:50.906  INFO [admin-ws,,] 11276 --- [AsyncResolver-bootstrap-executor-0] c.n.d.s.r.aws.ConfigClusterResolver      : Resolving eureka endpoints via configuration
2021-12-30 11:01:50.921  INFO [admin-ws,,] 11276 --- [AsyncResolver-bootstrap-executor-0] c.n.d.s.r.aws.ConfigClusterResolver      : Resolving eureka endpoints via configuration
2021-12-30 11:06:50.927  INFO [admin-ws,,] 11276 --- [AsyncResolver-bootstrap-executor-0] c.n.d.s.r.aws.ConfigClusterResolver      : Resolving eureka endpoints via configuration
2021-12-30 11:11:50.941  INFO [admin-ws,,] 11276 --- [AsyncResolver-bootstrap-executor-0] c.n.d.s.r.aws.ConfigClusterResolver      : Resolving eureka endpoints via configuration
2021-12-30 11:16:50.952  INFO [admin-ws,,] 11276 --- [AsyncResolver-bootstrap-executor-0] c.n.d.s.r.aws.ConfigClusterResolver      : Resolving eureka endpoints via configuration
2021-12-30 11:21:50.953  INFO [admin-ws,,] 11276 --- [AsyncResolver-bootstrap-executor-0] c.n.d.s.r.aws.ConfigClusterResolver      : Resolving eureka endpoints via configuration
2021-12-30 11:26:50.969  INFO [admin-ws,,] 11276 --- [AsyncResolver-bootstrap-executor-0] c.n.d.s.r.aws.ConfigClusterResolver      : Resolving eureka endpoints via configuration
2021-12-30 11:31:50.971  INFO [admin-ws,,] 11276 --- [AsyncResolver-bootstrap-executor-0] c.n.d.s.r.aws.ConfigClusterResolver      : Resolving eureka endpoints via configuration
2021-12-30 11:36:50.977  INFO [admin-ws,,] 11276 --- [AsyncResolver-bootstrap-executor-0] c.n.d.s.r.aws.ConfigClusterResolver      : Resolving eureka endpoints via configuration
2021-12-30 11:41:50.993  INFO [admin-ws,,] 11276 --- [AsyncResolver-bootstrap-executor-0] c.n.d.s.r.aws.ConfigClusterResolver      : Resolving eureka endpoints via configuration
2021-12-30 11:46:51.002  INFO [admin-ws,,] 11276 --- [AsyncResolver-bootstrap-executor-0] c.n.d.s.r.aws.ConfigClusterResolver      : Resolving eureka endpoints via configuration
2021-12-30 11:51:51.013  INFO [admin-ws,,] 11276 --- [AsyncResolver-bootstrap-executor-0] c.n.d.s.r.aws.ConfigClusterResolver      : Resolving eureka endpoints via configuration
2021-12-30 11:56:51.016  INFO [admin-ws,,] 11276 --- [AsyncResolver-bootstrap-executor-0] c.n.d.s.r.aws.ConfigClusterResolver      : Resolving eureka endpoints via configuration
2021-12-30 12:01:51.025  INFO [admin-ws,,] 11276 --- [AsyncResolver-bootstrap-executor-0] c.n.d.s.r.aws.ConfigClusterResolver      : Resolving eureka endpoints via configuration
2021-12-30 12:06:51.031  INFO [admin-ws,,] 11276 --- [AsyncResolver-bootstrap-executor-0] c.n.d.s.r.aws.ConfigClusterResolver      : Resolving eureka endpoints via configuration
2021-12-30 12:11:51.040  INFO [admin-ws,,] 11276 --- [AsyncResolver-bootstrap-executor-0] c.n.d.s.r.aws.ConfigClusterResolver      : Resolving eureka endpoints via configuration
2021-12-30 12:16:51.043  INFO [admin-ws,,] 11276 --- [AsyncResolver-bootstrap-executor-0] c.n.d.s.r.aws.ConfigClusterResolver      : Resolving eureka endpoints via configuration
2021-12-30 12:21:51.054  INFO [admin-ws,,] 11276 --- [AsyncResolver-bootstrap-executor-0] c.n.d.s.r.aws.ConfigClusterResolver      : Resolving eureka endpoints via configuration
2021-12-30 12:26:51.056  INFO [admin-ws,,] 11276 --- [AsyncResolver-bootstrap-executor-0] c.n.d.s.r.aws.ConfigClusterResolver      : Resolving eureka endpoints via configuration
2021-12-30 12:31:51.070  INFO [admin-ws,,] 11276 --- [AsyncResolver-bootstrap-executor-0] c.n.d.s.r.aws.ConfigClusterResolver      : Resolving eureka endpoints via configuration
2021-12-30 12:36:51.079  INFO [admin-ws,,] 11276 --- [AsyncResolver-bootstrap-executor-0] c.n.d.s.r.aws.ConfigClusterResolver      : Resolving eureka endpoints via configuration
2021-12-30 12:41:51.090  INFO [admin-ws,,] 11276 --- [AsyncResolver-bootstrap-executor-0] c.n.d.s.r.aws.ConfigClusterResolver      : Resolving eureka endpoints via configuration
2021-12-30 12:46:51.103  INFO [admin-ws,,] 11276 --- [AsyncResolver-bootstrap-executor-0] c.n.d.s.r.aws.ConfigClusterResolver      : Resolving eureka endpoints via configuration
2021-12-30 12:51:51.115  INFO [admin-ws,,] 11276 --- [AsyncResolver-bootstrap-executor-0] c.n.d.s.r.aws.ConfigClusterResolver      : Resolving eureka endpoints via configuration
2021-12-30 12:56:51.130  INFO [admin-ws,,] 11276 --- [AsyncResolver-bootstrap-executor-0] c.n.d.s.r.aws.ConfigClusterResolver      : Resolving eureka endpoints via configuration
2021-12-30 13:01:51.131  INFO [admin-ws,,] 11276 --- [AsyncResolver-bootstrap-executor-0] c.n.d.s.r.aws.ConfigClusterResolver      : Resolving eureka endpoints via configuration
2021-12-30 13:06:51.137  INFO [admin-ws,,] 11276 --- [AsyncResolver-bootstrap-executor-0] c.n.d.s.r.aws.ConfigClusterResolver      : Resolving eureka endpoints via configuration
2021-12-30 13:11:51.149  INFO [admin-ws,,] 11276 --- [AsyncResolver-bootstrap-executor-0] c.n.d.s.r.aws.ConfigClusterResolver      : Resolving eureka endpoints via configuration
2021-12-30 13:16:51.161  INFO [admin-ws,,] 11276 --- [AsyncResolver-bootstrap-executor-0] c.n.d.s.r.aws.ConfigClusterResolver      : Resolving eureka endpoints via configuration
2021-12-30 13:21:51.162  INFO [admin-ws,,] 11276 --- [AsyncResolver-bootstrap-executor-0] c.n.d.s.r.aws.ConfigClusterResolver      : Resolving eureka endpoints via configuration
2021-12-30 13:26:51.174  INFO [admin-ws,,] 11276 --- [AsyncResolver-bootstrap-executor-0] c.n.d.s.r.aws.ConfigClusterResolver      : Resolving eureka endpoints via configuration
2021-12-30 13:31:51.184  INFO [admin-ws,,] 11276 --- [AsyncResolver-bootstrap-executor-0] c.n.d.s.r.aws.ConfigClusterResolver      : Resolving eureka endpoints via configuration
2021-12-30 13:36:51.189  INFO [admin-ws,,] 11276 --- [AsyncResolver-bootstrap-executor-0] c.n.d.s.r.aws.ConfigClusterResolver      : Resolving eureka endpoints via configuration
2021-12-30 13:41:51.197  INFO [admin-ws,,] 11276 --- [AsyncResolver-bootstrap-executor-0] c.n.d.s.r.aws.ConfigClusterResolver      : Resolving eureka endpoints via configuration
2021-12-30 13:46:51.202  INFO [admin-ws,,] 11276 --- [AsyncResolver-bootstrap-executor-0] c.n.d.s.r.aws.ConfigClusterResolver      : Resolving eureka endpoints via configuration
2021-12-30 13:51:51.213  INFO [admin-ws,,] 11276 --- [AsyncResolver-bootstrap-executor-0] c.n.d.s.r.aws.ConfigClusterResolver      : Resolving eureka endpoints via configuration
2021-12-30 13:56:51.220  INFO [admin-ws,,] 11276 --- [AsyncResolver-bootstrap-executor-0] c.n.d.s.r.aws.ConfigClusterResolver      : Resolving eureka endpoints via configuration
2021-12-30 14:01:51.236  INFO [admin-ws,,] 11276 --- [AsyncResolver-bootstrap-executor-0] c.n.d.s.r.aws.ConfigClusterResolver      : Resolving eureka endpoints via configuration
2021-12-30 14:06:51.250  INFO [admin-ws,,] 11276 --- [AsyncResolver-bootstrap-executor-0] c.n.d.s.r.aws.ConfigClusterResolver      : Resolving eureka endpoints via configuration
2021-12-30 14:11:51.265  INFO [admin-ws,,] 11276 --- [AsyncResolver-bootstrap-executor-0] c.n.d.s.r.aws.ConfigClusterResolver      : Resolving eureka endpoints via configuration
